<?xml version="1.0" encoding="UTF-8"?>
<!-- Generated by org.testng.reporters.JUnitReportReporter -->
<testsuite hostname="DESKTOP-TPUJN1N" failures="0" tests="1" name="demo.Sample" time="0.025" errors="0" timestamp="2025-01-17T11:47:38 IST" skipped="0">
  <testcase classname="demo.Sample" name="sample" time="0.025"/>
  <system-out>
    <![CDATA[sample class executed]]>
  </system-out>
</testsuite> <!-- demo.Sample -->
