<?xml version="1.0" encoding="UTF-8"?>
<!-- Generated by org.testng.reporters.JUnitReportReporter -->
<testsuite hostname="DESKTOP-TPUJN1N" failures="0" tests="1" name="extentreports.ToLearnExtentReports" time="0.618" errors="0" timestamp="2025-01-22T11:08:48 IST" skipped="0">
  <testcase classname="extentreports.ToLearnExtentReports" name="createReport" time="0.618"/>
  <system-out/>
</testsuite> <!-- extentreports.ToLearnExtentReports -->
