<?xml version="1.0" encoding="UTF-8"?>
<!-- Generated by org.testng.reporters.JUnitReportReporter -->
<testsuite hostname="DESKTOP-TPUJN1N" failures="0" tests="1" name="extentreports.ToAddScreenshotReport" time="14.343" errors="0" timestamp="2025-01-22T11:37:41 IST" skipped="0">
  <testcase classname="extentreports.ToAddScreenshotReport" name="addScreenshot" time="14.343"/>
  <system-out/>
</testsuite> <!-- extentreports.ToAddScreenshotReport -->
