<?xml version="1.0" encoding="UTF-8"?>
<!-- Generated by org.testng.reporters.JUnitReportReporter -->
<testsuite hostname="DESKTOP-TPUJN1N" failures="0" tests="1" name="bikes.HondaTest" time="3.633" errors="0" timestamp="2025-01-22T10:46:02 IST" skipped="0">
  <testcase classname="bikes.HondaTest" name="launch" time="3.633"/>
  <system-out>
    <![CDATA[honda launched successfully]]>
  </system-out>
</testsuite> <!-- bikes.HondaTest -->
