<?xml version="1.0" encoding="UTF-8"?>
<!-- Generated by org.testng.reporters.JUnitReportReporter -->
<testsuite hostname="DESKTOP-TPUJN1N" failures="0" tests="1" name="demo.SampleTest" time="0.000" errors="0" timestamp="2025-01-22T10:46:02 IST" skipped="0">
  <testcase classname="demo.SampleTest" name="launch" time="0.000"/>
  <system-out>
    <![CDATA[sample testcase executed]]>
  </system-out>
</testsuite> <!-- demo.SampleTest -->
