<?xml version="1.0" encoding="UTF-8"?>
<!-- Generated by org.testng.reporters.JUnitReportReporter -->
<testsuite hostname="DESKTOP-TPUJN1N" failures="0" tests="1" name="bikes.BajajTest" time="14.022" errors="0" timestamp="2025-01-22T10:46:02 IST" skipped="0">
  <testcase classname="bikes.BajajTest" name="launch" time="14.022"/>
  <system-out>
    <![CDATA[Bajaj launched successfully]]>
  </system-out>
</testsuite> <!-- bikes.BajajTest -->
