<?xml version="1.0" encoding="UTF-8"?>
<!-- Generated by org.testng.reporters.JUnitReportReporter -->
<testsuite hostname="DESKTOP-TPUJN1N" failures="0" tests="1" name="bikes.YamahaTest" time="5.224" errors="0" timestamp="2025-01-22T10:46:02 IST" skipped="0">
  <testcase classname="bikes.YamahaTest" name="launch" time="5.224"/>
  <system-out>
    <![CDATA[Yamaha launched successfully]]>
  </system-out>
</testsuite> <!-- bikes.YamahaTest -->
